<?xml version="1.0" encoding="UTF-8"?>
<testsuite name="projectTests.AddContactClass" tests="3" skipped="0" failures="0" errors="0" timestamp="2021-08-30T14:02:49" hostname="localhost.localdomain" time="23.213">
  <properties/>
  <testcase name="addContactTestBase" classname="projectTests.AddContactClass" time="1.294"/>
  <testcase name="addContactTestBase" classname="projectTests.AddContactClass" time="0.991"/>
  <testcase name="addContactTestBase" classname="projectTests.AddContactClass" time="0.893"/>
  <system-out><![CDATA[17:02:47 INFO  projectTests.TestBase - Start method: addContactTestBase
17:02:47 INFO  projectTests.TestBase - Test Start with Data -->[]
17:02:47 INFO  projectTests.TestBase - ==================================================================
17:02:47 INFO  application.MyListener - Start find element by: By.xpath: //a[.='LOGIN'].
17:02:47 INFO  application.MyListener - The element was By.xpath: //a[.='LOGIN']found by.
17:02:47 INFO  application.MyListener - Start find element by: By.xpath: //a[.='LOGIN'].
17:02:47 INFO  application.MyListener - The element was By.xpath: //a[.='LOGIN']found by.
17:02:48 INFO  application.MyListener - Start find element by: By.xpath: //input[1].
17:02:48 INFO  application.MyListener - The element was By.xpath: //input[1]found by.
17:02:48 INFO  application.MyListener - Start find element by: By.xpath: //input[2].
17:02:48 INFO  application.MyListener - The element was By.xpath: //input[2]found by.
17:02:48 INFO  application.HelperBase - Login data:
Email: sam@gmail.com
Password: Sam1234$
17:02:48 INFO  application.MyListener - Start find element by: By.xpath: //button[.=' Login'].
17:02:48 INFO  application.MyListener - The element was By.xpath: //button[.=' Login']found by.
17:02:49 INFO  application.MyListener - Start find element by: By.xpath: //a[.='ADD'].
17:02:49 INFO  application.MyListener - The element was By.xpath: //a[.='ADD']found by.
17:02:49 INFO  application.MyListener - Start find element by: By.cssSelector: [placeholder='Name'].
17:02:49 INFO  application.MyListener - The element was By.cssSelector: [placeholder='Name']found by.
17:02:49 INFO  application.MyListener - Start find element by: By.cssSelector: [placeholder='Last Name'].
17:02:49 INFO  application.MyListener - The element was By.cssSelector: [placeholder='Last Name']found by.
17:02:49 INFO  application.MyListener - Start find element by: By.cssSelector: [placeholder='Phone'].
17:02:49 INFO  application.MyListener - The element was By.cssSelector: [placeholder='Phone']found by.
17:02:49 INFO  application.MyListener - Start find element by: By.cssSelector: [placeholder='email'].
17:02:49 INFO  application.MyListener - The element was By.cssSelector: [placeholder='email']found by.
17:02:49 INFO  application.MyListener - Start find element by: By.cssSelector: [placeholder='Address'].
17:02:49 INFO  application.MyListener - The element was By.cssSelector: [placeholder='Address']found by.
17:02:49 INFO  application.MyListener - Start find element by: By.cssSelector: [placeholder='description'].
17:02:49 INFO  application.MyListener - The element was By.cssSelector: [placeholder='description']found by.
17:02:49 INFO  application.MyListener - Start find element by: By.xpath: //button/b.
17:02:49 INFO  application.MyListener - The element was By.xpath: //button/bfound by.
17:02:49 INFO  application.MyListener - Start find element by: By.xpath: //h3.
17:02:50 INFO  application.MyListener - The element was By.xpath: //h3found by.
178-2203
17:02:50 INFO  projectTests.TestBase - End of method: addContactTestBase
17:02:50 INFO  projectTests.TestBase - Start method: addContactTestBase
17:02:50 INFO  projectTests.TestBase - Test Start with Data -->[]
17:02:50 INFO  projectTests.TestBase - ==================================================================
17:02:50 INFO  application.MyListener - Start find element by: By.xpath: //a[.='LOGIN'].
17:03:00 INFO  application.MyListener - The element was By.xpath: //a[.='LOGIN']found by.
17:03:00 INFO  application.MyListener - Start find element by: By.xpath: //a[.='ADD'].
17:03:00 INFO  application.MyListener - The element was By.xpath: //a[.='ADD']found by.
17:03:00 INFO  application.MyListener - Start find element by: By.cssSelector: [placeholder='Name'].
17:03:00 INFO  application.MyListener - The element was By.cssSelector: [placeholder='Name']found by.
17:03:00 INFO  application.MyListener - Start find element by: By.cssSelector: [placeholder='Last Name'].
17:03:00 INFO  application.MyListener - The element was By.cssSelector: [placeholder='Last Name']found by.
17:03:00 INFO  application.MyListener - Start find element by: By.cssSelector: [placeholder='Phone'].
17:03:00 INFO  application.MyListener - The element was By.cssSelector: [placeholder='Phone']found by.
17:03:00 INFO  application.MyListener - Start find element by: By.cssSelector: [placeholder='email'].
17:03:00 INFO  application.MyListener - The element was By.cssSelector: [placeholder='email']found by.
17:03:00 INFO  application.MyListener - Start find element by: By.cssSelector: [placeholder='Address'].
17:03:00 INFO  application.MyListener - The element was By.cssSelector: [placeholder='Address']found by.
17:03:00 INFO  application.MyListener - Start find element by: By.cssSelector: [placeholder='description'].
17:03:00 INFO  application.MyListener - The element was By.cssSelector: [placeholder='description']found by.
17:03:01 INFO  application.MyListener - Start find element by: By.xpath: //button/b.
17:03:01 INFO  application.MyListener - The element was By.xpath: //button/bfound by.
17:03:01 INFO  application.MyListener - Start find element by: By.xpath: //h3.
17:03:01 INFO  application.MyListener - The element was By.xpath: //h3found by.
178-2191
17:03:01 INFO  projectTests.TestBase - End of method: addContactTestBase
17:03:01 INFO  projectTests.TestBase - Start method: addContactTestBase
17:03:01 INFO  projectTests.TestBase - Test Start with Data -->[]
17:03:01 INFO  projectTests.TestBase - ==================================================================
17:03:01 INFO  application.MyListener - Start find element by: By.xpath: //a[.='LOGIN'].
17:03:11 INFO  application.MyListener - The element was By.xpath: //a[.='LOGIN']found by.
17:03:11 INFO  application.MyListener - Start find element by: By.xpath: //a[.='ADD'].
17:03:11 INFO  application.MyListener - The element was By.xpath: //a[.='ADD']found by.
17:03:11 INFO  application.MyListener - Start find element by: By.cssSelector: [placeholder='Name'].
17:03:11 INFO  application.MyListener - The element was By.cssSelector: [placeholder='Name']found by.
17:03:11 INFO  application.MyListener - Start find element by: By.cssSelector: [placeholder='Last Name'].
17:03:11 INFO  application.MyListener - The element was By.cssSelector: [placeholder='Last Name']found by.
17:03:11 INFO  application.MyListener - Start find element by: By.cssSelector: [placeholder='Phone'].
17:03:11 INFO  application.MyListener - The element was By.cssSelector: [placeholder='Phone']found by.
17:03:11 INFO  application.MyListener - Start find element by: By.cssSelector: [placeholder='email'].
17:03:11 INFO  application.MyListener - The element was By.cssSelector: [placeholder='email']found by.
17:03:11 INFO  application.MyListener - Start find element by: By.cssSelector: [placeholder='Address'].
17:03:11 INFO  application.MyListener - The element was By.cssSelector: [placeholder='Address']found by.
17:03:11 INFO  application.MyListener - Start find element by: By.cssSelector: [placeholder='description'].
17:03:11 INFO  application.MyListener - The element was By.cssSelector: [placeholder='description']found by.
17:03:12 INFO  application.MyListener - Start find element by: By.xpath: //button/b.
17:03:12 INFO  application.MyListener - The element was By.xpath: //button/bfound by.
17:03:12 INFO  application.MyListener - Start find element by: By.xpath: //h3.
17:03:12 INFO  application.MyListener - The element was By.xpath: //h3found by.
178-2180
17:03:12 INFO  projectTests.TestBase - End of method: addContactTestBase
]]></system-out>
  <system-err><![CDATA[]]></system-err>
</testsuite>
